2022-05-12 14:53:29.024 INFO  Main.main.51 - --------------------------------------------------------------------------------
2022-05-12 14:53:29.795 INFO  Main.main.52 - OS name:   Windows 11, version: 10.0, architechture: amd64
2022-05-12 14:53:29.800 INFO  Main.main.53 - Java: Oracle Corporation, version: 18.0.1.1, home: C:\Program Files\Java\jdk-18.0.1.1
2022-05-12 14:53:29.896 INFO  Config.configure.60 - Default configuration  found
2022-05-12 14:53:29.899 DEBUG Config.configure.61 - Default configuration:
{	"REPORT_BODY": "/report_body.html",	"PATTERN": "[SsNn]\\d\\d",	"WEB_BROWSER": "\"C:\\Program Files\\Google\\Chrome\\Application\\chrome.exe\"",	"REPORT_NAME": "_report.html",	"REPORT_HEADER": "/report_header.html",	"ICON": "/IMDB.jpg",	"REPORT_FOOTER": "/report_footer.html",	"SUPPORTED_EXTENSIONS": [		".xa", ".wav", ".dts", ".tta", ".tac", ".ts", ".mpg", ".ra", ".ram", ".rm",		".rv", ".rmbv", ".ogm", ".ogg", ".nut", ".nsv", ".nsc", ".mpg", ".mp3", ".mp2",		".mp4", ".mov", ".mkv", ".mka", ".flv", ".avi", ".au", ".asf", ".wmv", ".asf",		".wmv", ".a52", ".dts", ".aac", ".flac", ".dv", ".vid", ".3gp"],	"TORRENTS": [		"afi-", ".nz", ".uno", ".tv", ".cx", ".org", ".com", ".net", ".cm", ".cz", ".pw", ".cc", ".ws", ".ph", ".io", ".pl", ".vc", ".be",		"x264", "www", ".bz", "FRENCH", "DVDRIP", "GkTorrent", "OxTorrent", "TorrentCouch", "Torrent911",		"Torrent9", "CpasBien", "vostfr", "1080", "720", "null", ".pe", ".me"	],	"IGNORED_FOLDERS": [		"Captures", "W"	]}
2022-05-12 14:53:29.906 INFO  Config.configure.79 - Config file found in: C:\Users\rivoi\Documents\NetBeansProjects\ImdbSearch\bin\config.json
2022-05-12 14:53:29.914 DEBUG Config.configure.83 - Configuration:
{
  "REPORT_BODY" : "/report_body.html",
  "TORRENTS" : [ "afi-", ".nz", ".uno", ".tv", ".cx", ".org", ".com", ".net", ".cm", ".cz", ".pw", ".cc", ".ws", ".ph", ".io", ".pl", ".vc", ".be", "x264", "www", ".bz", "FRENCH", "DVDRIP", "GkTorrent", "OxTorrent", "TorrentCouch", "Torrent911", "Torrent9", "CpasBien", "vostfr", "1080", "720", "null", ".pe", ".me" ],
  "PATTERN" : "[SsNn]\\d\\d",
  "IGNORED_FOLDERS" : [ "Captures", "W" ],
  "REPORT_NAME" : "_report.html",
  "REPORT_HEADER" : "/report_header.html",
  "ICON" : "/IMDB.jpg",
  "REPORT_FOOTER" : "/report_footer.html",
  "SUPPORTED_EXTENSIONS" : [ ".xa", ".wav", ".dts", ".tta", ".tac", ".ts", ".mpg", ".ra", ".ram", ".rm", ".rv", ".rmbv", ".ogm", ".ogg", ".nut", ".nsv", ".nsc", ".mpg", ".mp3", ".mp2", ".mp4", ".mov", ".mkv", ".mka", ".flv", ".avi", ".au", ".asf", ".wmv", ".asf", ".wmv", ".a52", ".dts", ".aac", ".flac", ".dv", ".vid", ".3gp" ],
  "WEB_BROWSER" : "\"C:\\Program Files\\Google\\Chrome\\Application\\chrome.exe\""
}
2022-05-12 14:53:29.916 INFO  Config.run.110 - Thread fileWatchDog started.
2022-05-12 14:53:51.601 INFO  Main.createFileChooser.147 - Open command cancelled by user.
2022-05-12 14:53:51.601 INFO  Main.validatePath.171 - Scanning directory: C:\Users\rivoi\Videos\
2022-05-12 15:56:30.042 INFO  Main.main.51 - --------------------------------------------------------------------------------
2022-05-12 15:56:30.691 INFO  Main.main.52 - OS name:   Windows 11, version: 10.0, architechture: amd64
2022-05-12 15:56:30.696 INFO  Main.main.53 - Java: Oracle Corporation, version: 18.0.1.1, home: C:\Program Files\Java\jdk-18.0.1.1
2022-05-12 15:56:30.780 INFO  Config.configure.60 - Default configuration  found
2022-05-12 15:56:30.781 DEBUG Config.configure.61 - Default configuration:
{	"REPORT_BODY": "/report_body.html",	"PATTERN": "[SsNn]\\d\\d",	"WEB_BROWSER": "\"C:\\Program Files\\Google\\Chrome\\Application\\chrome.exe\"",	"REPORT_NAME": "_report.html",	"REPORT_HEADER": "/report_header.html",	"ICON": "/IMDB.jpg",	"REPORT_FOOTER": "/report_footer.html",	"SUPPORTED_EXTENSIONS": [		".xa", ".wav", ".dts", ".tta", ".tac", ".ts", ".mpg", ".ra", ".ram", ".rm",		".rv", ".rmbv", ".ogm", ".ogg", ".nut", ".nsv", ".nsc", ".mpg", ".mp3", ".mp2",		".mp4", ".mov", ".mkv", ".mka", ".flv", ".avi", ".au", ".asf", ".wmv", ".asf",		".wmv", ".a52", ".dts", ".aac", ".flac", ".dv", ".vid", ".3gp"],	"TORRENTS": [		"afi-", ".nz", ".uno", ".tv", ".cx", ".org", ".com", ".net", ".cm", ".cz", ".pw", ".cc", ".ws", ".ph", ".io", ".pl", ".vc", ".be",		"x264", "www", ".bz", "FRENCH", "DVDRIP", "GkTorrent", "OxTorrent", "TorrentCouch", "Torrent911",		"Torrent9", "CpasBien", "vostfr", "1080", "720", "null", ".pe", ".me"	],	"IGNORED_FOLDERS": [		"Captures", "W"	]}
2022-05-12 15:56:30.788 INFO  Config.configure.79 - Config file found in: C:\Users\rivoi\Documents\NetBeansProjects\ImdbSearch\bin\config.json
2022-05-12 15:56:30.797 DEBUG Config.configure.83 - Configuration:
{
  "REPORT_BODY" : "/report_body.html",
  "TORRENTS" : [ "afi-", ".nz", ".uno", ".tv", ".cx", ".org", ".com", ".net", ".cm", ".cz", ".pw", ".cc", ".ws", ".ph", ".io", ".pl", ".vc", ".be", "x264", "www", ".bz", "FRENCH", "DVDRIP", "GkTorrent", "OxTorrent", "TorrentCouch", "Torrent911", "Torrent9", "CpasBien", "vostfr", "1080", "720", "null", ".pe", ".me" ],
  "PATTERN" : "[SsNn]\\d\\d",
  "IGNORED_FOLDERS" : [ "Captures", "W" ],
  "REPORT_NAME" : "_report.html",
  "REPORT_HEADER" : "/report_header.html",
  "ICON" : "/IMDB.jpg",
  "REPORT_FOOTER" : "/report_footer.html",
  "SUPPORTED_EXTENSIONS" : [ ".xa", ".wav", ".dts", ".tta", ".tac", ".ts", ".mpg", ".ra", ".ram", ".rm", ".rv", ".rmbv", ".ogm", ".ogg", ".nut", ".nsv", ".nsc", ".mpg", ".mp3", ".mp2", ".mp4", ".mov", ".mkv", ".mka", ".flv", ".avi", ".au", ".asf", ".wmv", ".asf", ".wmv", ".a52", ".dts", ".aac", ".flac", ".dv", ".vid", ".3gp" ],
  "WEB_BROWSER" : "\"C:\\Program Files\\Google\\Chrome\\Application\\chrome.exe\""
}
2022-05-12 15:56:30.798 INFO  Config.run.110 - Thread fileWatchDog started.
2022-05-12 15:56:33.306 INFO  Main.validatePath.171 - Scanning directory: C:\Users\rivoi\Videos\
2022-05-12 15:56:33.465 INFO  SearchMovie.listFiles.110 - true C:\Users\rivoi\Videos
2022-05-12 15:56:33.466 INFO  SearchMovie.listFiles.118 - 0
2022-05-12 15:56:33.467 INFO  SearchMovie.listFiles.125 - 1
2022-05-12 15:56:33.467 INFO  SearchMovie.listFiles.127 - 2
2022-05-12 15:56:33.469 INFO  SearchMovie.listFiles.130 - 3
2022-05-12 15:56:33.477 INFO  SearchMovie.listFiles.139 - Ignoring folder: Captures
2022-05-12 15:56:33.485 INFO  SearchMovie.listFiles.139 - Ignoring folder: W
2022-05-12 15:56:33.485 INFO  SearchMovie.listFiles.145 - 4
2022-05-12 15:56:34.697 INFO  GenerateHtmlReport.generate.119 - Report file: C:\Users\rivoi\Videos\_report.html
2022-05-12 15:56:34.699 INFO  Main.process.99 - Found 19 movies
2022-05-12 15:56:34.700 INFO  Main.process.100 - Not found 0 movie
2022-05-12 15:56:54.693 FATAL Main.main.58 - Cannot invoke "java.io.File.getAbsolutePath()" because "file" is null
java.lang.NullPointerException: Cannot invoke "java.io.File.getAbsolutePath()" because "file" is null
	at com.vrivoire.imdbsearch.Main.createFileChooser(Main.java:144) ~[classes/:?]
	at com.vrivoire.imdbsearch.Main.validatePath(Main.java:168) ~[classes/:?]
	at com.vrivoire.imdbsearch.Main.start(Main.java:78) ~[classes/:?]
	at com.vrivoire.imdbsearch.Main.main(Main.java:56) ~[classes/:?]
